============================================================
  Generated by:           Genus(TM) Synthesis Solution 23.14-s090_1
  Generated on:           Oct 27 2025  12:31:23 am
  Module:                 batcher
  Operating conditions:   PVT_1P2V_25C 
  Interconnect mode:      global
  Area mode:              physical library
============================================================

                                   Leakage      Internal                                   Library 
   Gate    Instances     Area     Power (nW)   Power (nW)               Library             Domain 
---------------------------------------------------------------------------------------------------
and2_1x          326    1368.678    1106.565     994035.554    MITLL90_STDLIB_8T.tt1p2v25c       0 
and2_2x          109     572.032     593.625     552159.538    MITLL90_STDLIB_8T.tt1p2v25c       0 
and3_1x           68     428.237     231.901     208870.044    MITLL90_STDLIB_8T.tt1p2v25c       0 
and3_2x           12      88.166      73.087      71720.990    MITLL90_STDLIB_8T.tt1p2v25c       0 
ao21_1x           67     351.616     243.906     304155.461    MITLL90_STDLIB_8T.tt1p2v25c       0 
ao21_2x            7      44.083      38.502      43083.761    MITLL90_STDLIB_8T.tt1p2v25c       0 
ao22_1x          107     786.150     420.945     505183.078    MITLL90_STDLIB_8T.tt1p2v25c       0 
ao22_2x           38     319.078     222.461     252770.978    MITLL90_STDLIB_8T.tt1p2v25c       0 
aoi21_1x         309    1297.306     628.767     621769.991    MITLL90_STDLIB_8T.tt1p2v25c       0 
aoi21_2x         326    2395.187    1131.186    1244203.566    MITLL90_STDLIB_8T.tt1p2v25c       0 
aoi21_4x         304    4148.019    2168.383    2441087.971    MITLL90_STDLIB_8T.tt1p2v25c       0 
aoi22_1x         570    2991.360    1149.218    1302315.666    MITLL90_STDLIB_8T.tt1p2v25c       0 
aoi22_2x         689    7231.744    2634.550    3146419.128    MITLL90_STDLIB_8T.tt1p2v25c       0 
aoi22_4x         107    2021.530     812.879    1000584.153    MITLL90_STDLIB_8T.tt1p2v25c       0 
buf_16x           30     661.248    1034.191    1258142.832    MITLL90_STDLIB_8T.tt1p2v25c       0 
buf_1x          1863    5866.214    5155.662    5432800.633    MITLL90_STDLIB_8T.tt1p2v25c       0 
buf_2x          1055    4429.312    5625.646    5615518.255    MITLL90_STDLIB_8T.tt1p2v25c       0 
buf_4x            18     113.357     166.457     185171.955    MITLL90_STDLIB_8T.tt1p2v25c       0 
buf_6x           542    5119.949    7682.731    7930637.406    MITLL90_STDLIB_8T.tt1p2v25c       0 
buf_8x            24     277.094     410.056     472569.833    MITLL90_STDLIB_8T.tt1p2v25c       0 
dffrq_1x        1077   18086.707    7476.644   21943662.507    MITLL90_STDLIB_8T.tt1p2v25c       0 
inv_12x           34     463.923     757.557     367906.178    MITLL90_STDLIB_8T.tt1p2v25c       0 
inv_16x            3      53.530      90.864      42837.975    MITLL90_STDLIB_8T.tt1p2v25c       0 
inv_1x          9302   19526.758   16049.301    8141697.664    MITLL90_STDLIB_8T.tt1p2v25c       0 
inv_2x          2791    8788.301    9661.380    4296067.427    MITLL90_STDLIB_8T.tt1p2v25c       0 
inv_4x           960    5038.080    6900.954    2835705.817    MITLL90_STDLIB_8T.tt1p2v25c       0 
inv_6x           375    2755.200    4062.333    1883304.415    MITLL90_STDLIB_8T.tt1p2v25c       0 
inv_8x           154    1454.746    2252.136    1095600.691    MITLL90_STDLIB_8T.tt1p2v25c       0 
mux2_1x           22     161.638      82.152     111747.234    MITLL90_STDLIB_8T.tt1p2v25c       0 
muxi2_1x          48     302.285      96.612     119434.319    MITLL90_STDLIB_8T.tt1p2v25c       0 
nand2_1x        4417   13908.250    4690.465    4308542.410    MITLL90_STDLIB_8T.tt1p2v25c       0 
nand2_2x        4266   22387.968   10560.603    8388985.502    MITLL90_STDLIB_8T.tt1p2v25c       0 
nand2_4x         602    5686.733    3665.561    2374104.147    MITLL90_STDLIB_8T.tt1p2v25c       0 
nand3_1x         311    1305.702     367.814     419654.344    MITLL90_STDLIB_8T.tt1p2v25c       0 
nand3_2x         433    3635.814    1863.138    1280034.215    MITLL90_STDLIB_8T.tt1p2v25c       0 
nand3_4x         275    4040.960    2842.124    1564106.688    MITLL90_STDLIB_8T.tt1p2v25c       0 
nor2_1x          668    2103.398    1011.905     788098.354    MITLL90_STDLIB_8T.tt1p2v25c       0 
nor2_2x          900    4723.200    2714.353    1904485.421    MITLL90_STDLIB_8T.tt1p2v25c       0 
nor2_4x          202    1908.173    1190.593     896810.050    MITLL90_STDLIB_8T.tt1p2v25c       0 
nor3_1x           14      58.778      16.486      20861.267    MITLL90_STDLIB_8T.tt1p2v25c       0 
nor3_2x           11      92.365      26.458      30738.947    MITLL90_STDLIB_8T.tt1p2v25c       0 
nor3_4x            9     132.250      48.526      55966.499    MITLL90_STDLIB_8T.tt1p2v25c       0 
oa21_1x          489    2566.272    2194.164    2103126.850    MITLL90_STDLIB_8T.tt1p2v25c       0 
oa21_2x          710    4471.296    4311.306    4476892.174    MITLL90_STDLIB_8T.tt1p2v25c       0 
oa21_4x            1       8.397       9.359      11853.302    MITLL90_STDLIB_8T.tt1p2v25c       0 
oa22_1x          126     925.747     504.681     590880.963    MITLL90_STDLIB_8T.tt1p2v25c       0 
oa22_2x           39     327.475     206.896     277615.638    MITLL90_STDLIB_8T.tt1p2v25c       0 
oai21_1x        1162    4878.541    3142.267    2206591.212    MITLL90_STDLIB_8T.tt1p2v25c       0 
oai21_2x        1262    9272.166    5225.311    4393615.039    MITLL90_STDLIB_8T.tt1p2v25c       0 
oai21_4x        1874   25570.355   18355.574   13279235.617    MITLL90_STDLIB_8T.tt1p2v25c       0 
oai22_1x        1535    8055.680    3474.841    3671593.738    MITLL90_STDLIB_8T.tt1p2v25c       0 
oai22_2x         237    2487.552    1104.277    1056413.314    MITLL90_STDLIB_8T.tt1p2v25c       0 
oai22_4x          24     453.427     226.929     215297.958    MITLL90_STDLIB_8T.tt1p2v25c       0 
or2_1x           101     424.038     236.177     191573.642    MITLL90_STDLIB_8T.tt1p2v25c       0 
or2_2x             3      15.744      10.842      13023.197    MITLL90_STDLIB_8T.tt1p2v25c       0 
sdffrq_1x        971   20383.232    8176.893   24386211.364    MITLL90_STDLIB_8T.tt1p2v25c       0 
---------------------------------------------------------------------------------------------------
total          41979  236965.043  155138.191  153327476.873                                


                                             Leakage  Leakage    Internal   Internal 
     Type      Instances    Area    Area % Power (nW) Power %   Power (nW)   Power % 
-------------------------------------------------------------------------------------
sequential          2048  38469.939   16.2  15653.536    10.1  46329873.871     30.2 
inverter           13619  38080.538   16.1  39774.525    25.6  18663120.167     12.2 
buffer              3532  16467.174    6.9  20074.743    12.9  20894840.914     13.6 
logic              22780 143947.392   60.7  79635.387    51.3  67439641.922     44.0 
physical_cells         0      0.000    0.0      0.000     0.0         0.000      0.0 
-------------------------------------------------------------------------------------
total              41979 236965.043  100.0 155138.191   100.0 153327476.873    100.0 

