============================================================
  Generated by:           Genus(TM) Synthesis Solution 23.14-s090_1
  Generated on:           Oct 27 2025  12:30:57 am
  Module:                 batcher
  Operating conditions:   PVT_1P2V_25C 
  Interconnect mode:      global
  Area mode:              physical library
============================================================

Timing
--------

Analysis view  Clock Period 
----------------------------
view_1p2_25   clock1 1250.0 


  Analysis    Cost   Critical              Violating 
    View     Group  Path Slack     TNS       Paths   
-----------------------------------------------------
view_1p2_25  clock1     -472.4 -1206033.1       3951 
            default   No paths        0.0          0 
-----------------------------------------------------
Total                          -1206033.1       3951 
                                                     

Instance Count
--------------
Leaf Instance Count             41979 
Physical Instance count             0 
Sequential Instance Count        2048 
Combinational Instance Count    39931 
Hierarchical Instance Count         0 

Area
----
Cell Area                          236965.043
Physical Cell Area                 0.000
Total Cell Area (Cell+Physical)    236965.043
Net Area                           120633.176
Total Area (Cell+Physical+Net)     357598.219

Power
-----
Leakage Power                      155138.191 nW
Dynamic Power                      354370361.100 nW
Total Power                        354525499.291 nW

Max Fanout                         2048 (xif_clk)
Min Fanout                         0 (xif_in[0][shift][0])
Average Fanout                     2.0
Terms to net ratio                 2.9877
Terms to instance ratio            3.0357
Runtime                            58.526111 seconds
Elapsed Runtime                    59 seconds
Genus peak memory usage            1802.42 
Innovus peak memory usage          no_value 
Hostname                           asicfab.ecn.purdue.edu
