============================================================
  Generated by:           Genus(TM) Synthesis Solution 23.14-s090_1
  Generated on:           Oct 27 2025  12:30:56 am
  Module:                 batcher
  Operating conditions:   PVT_1P2V_25C 
  Interconnect mode:      global
  Area mode:              physical library
============================================================

# SETUP                  WNS         TNS     FEP 
# -------------------------------------------------
 View: ALL            -472.4  -1206033.1    3951 
    Group : in2out       N/A         N/A     N/A 
    Group : in2reg    -339.6   -148559.4     511 
    Group : reg2out   -388.7   -175750.8     500 
    Group : reg2reg   -472.4   -881722.9    2940 

 View: view_1p2_25    -472.4  -1206033.1    3951 
    Group : in2out       N/A         N/A     N/A 
    Group : in2reg    -339.6   -148559.4     511 
    Group : reg2out   -388.7   -175750.8     500 
    Group : reg2reg   -472.4   -881722.9    2940 

# -------------------------------------------------
# DRV                        WNS  TNS  FEP 
# -------------------------------------------
 View: ALL                                 
    Check: max_transition    N/A  N/A    0 
    Check: max_capacitance   N/A  N/A    0 
    Check: max_fanout        N/A  N/A    0 

 View: view_1p2_25                         
    Check: max_transition    N/A  N/A    0 
    Check: max_capacitance   N/A  N/A    0 
    Check: max_fanout        N/A  N/A    0 

# -------------------------------------------
