============================================================
  Generated by:           Genus(TM) Synthesis Solution 23.14-s090_1
  Generated on:           Oct 27 2025  12:31:09 am
  Module:                 batcher
  Operating conditions:   PVT_1P2V_25C 
  Interconnect mode:      global
  Area mode:              physical library
============================================================


Path 1: VIOLATED (-472 ps) Setup Check with Pin data_latch_reg[6][19][3]/CLK->D
           View: view_1p2_25
          Group: clock1
     Startpoint: (R) data_latch_reg[3][21][2]/CLK
          Clock: (R) clock1
       Endpoint: (F) data_latch_reg[6][19][3]/D
          Clock: (R) clock1

                     Capture       Launch     
        Clock Edge:+    1250            0     
       Src Latency:+       0            0     
       Net Latency:+       0 (I)        0 (I) 
           Arrival:=    1250            0     
                                              
             Setup:-     143                  
       Uncertainty:-       0                  
     Required Time:=    1106                  
      Launch Clock:-       0                  
         Data Path:-    1579                  
             Slack:=    -472                  

Launch clock path:
#-----------------------------------------------------------------------------------------------------
#        Timing Point          Flags   Arc   Edge   Cell     Fanout Load Trans Delay Arrival Instance 
#                                                                   (fF)  (ps)  (ps)   (ps)  Location 
#-----------------------------------------------------------------------------------------------------
  xif_clk                      (i)     -     R     (arrival)   2048  0.0     1     0       0    (-,-) 
  xif_clk                      -       -     -     (net)          -    -     -     -       -    (-,-) 
  xif_clk                      -       -     -     (net)          -    -     -     -       -    (-,-) 
  data_latch_reg[3][21][2]/CLK <<<     -     R     dffrq_1x    2048    -     1     0       0    (-,-) 
#-----------------------------------------------------------------------------------------------------

#------------------------------------------------------------------------------------------------------
#        Timing Point          Flags    Arc   Edge   Cell     Fanout Load Trans Delay Arrival Instance 
#                                                                    (fF)  (ps)  (ps)   (ps)  Location 
#------------------------------------------------------------------------------------------------------
  data_latch_reg[3][21][2]/CLK -       -      R     (arrival)   2048    -     1     0       0    (-,-) 
  data_latch_reg[3][21][2]/Q   -       CLK->Q R     dffrq_1x       3  8.6    58   185     185    (-,-) 
  data_latch[3][21][2]         -       -      -     (net)          -    -     -     -       -    (-,-) 
  g614631/X                    -       B->X   F     nand2_1x       1  3.6    30    42     227    (-,-) 
  n_57436                      -       -      -     (net)          -    -     -     -       -    (-,-) 
  g638866/X                    -       A->X   F     ao21_2x        1  5.3    32    79     306    (-,-) 
  n_82919                      -       -      -     (net)          -    -     -     -       -    (-,-) 
  g638865/X                    -       A->X   R     nand2_2x       1  5.3    32    30     337    (-,-) 
  n_82921                      -       -      -     (net)          -    -     -     -       -    (-,-) 
  g638864/X                    -       A->X   F     nand2_2x       1  9.3    32    34     371    (-,-) 
  n_82922                      -       -      -     (net)          -    -     -     -       -    (-,-) 
  g1027/X                      -       A->X   R     nand3_4x       1 10.8    44    35     406    (-,-) 
  n_49787                      -       -      -     (net)          -    -     -     -       -    (-,-) 
  g613994/X                    -       B->X   F     oai21_4x       1  9.8    30    36     442    (-,-) 
  n_56696                      -       -      -     (net)          -    -     -     -       -    (-,-) 
  g607054/X                    -       A->X   R     nand2_4x       2 26.9    59    48     490    (-,-) 
  n_47594                      -       -      -     (net)          -    -     -     -       -    (-,-) 
  g607446/X                    -       A->X   R     buf_6x         4 43.0    42    72     562    (-,-) 
  n_47964                      -       -      -     (net)          -    -     -     -       -    (-,-) 
  g591546/X                    -       A->X   F     inv_8x         6 39.9    24    29     591    (-,-) 
  n_12194                      -       -      -     (net)          -    -     -     -       -    (-,-) 
  g589873/X                    -       A->X   F     oa21_2x        3 11.9    40    90     681    (-,-) 
  n_12685                      -       -      -     (net)          -    -     -     -       -    (-,-) 
  g589698/X                    -       A->X   R     inv_2x         1  5.3    24    24     706    (-,-) 
  n_12686                      -       -      -     (net)          -    -     -     -       -    (-,-) 
  g589214/X                    -       A->X   F     nand2_2x       1  9.0    36    31     737    (-,-) 
  n_13585                      -       -      -     (net)          -    -     -     -       -    (-,-) 
  g589151/X                    -       B->X   R     nand2_4x       2 12.6    36    38     774    (-,-) 
  n_14655                      -       -      -     (net)          -    -     -     -       -    (-,-) 
  g613925/X                    -       B->X   F     nor2_4x        1 11.0    34    38     812    (-,-) 
  n_56623                      -       -      -     (net)          -    -     -     -       -    (-,-) 
  g613924/X                    -       A->X   R     aoi21_4x       1 11.0    53    43     855    (-,-) 
  n_56624                      -       -      -     (net)          -    -     -     -       -    (-,-) 
  g638569/X                    -       A->X   F     oai21_4x       2 20.7    42    46     900    (-,-) 
  n_82525                      -       -      -     (net)          -    -     -     -       -    (-,-) 
  g613919/X                    -       A->X   R     inv_4x         1  9.6    24    24     924    (-,-) 
  n_56617                      -       -      -     (net)          -    -     -     -       -    (-,-) 
  g638454/X                    -       C->X   F     oai21_4x       1 16.0    38    42     967    (-,-) 
  n_82395                      -       -      -     (net)          -    -     -     -       -    (-,-) 
  g588221/X                    -       A->X   R     inv_6x         4 37.8    37    36    1003    (-,-) 
  n_15021                      -       -      -     (net)          -    -     -     -       -    (-,-) 
  g588213/X                    -       A->X   F     inv_6x         5 26.4    21    27    1030    (-,-) 
  n_15435                      -       -      -     (net)          -    -     -     -       -    (-,-) 
  g639177/X                    -       A->X   R     nand2_2x       1  9.6    45    36    1066    (-,-) 
  n_83274                      -       -      -     (net)          -    -     -     -       -    (-,-) 
  g639176/X                    -       C->X   F     oai21_4x       4 12.5    32    45    1112    (-,-) 
  n_83275                      -       -      -     (net)          -    -     -     -       -    (-,-) 
  g586426/X                    -       A->X   F     and2_1x        1  3.7    22    54    1166    (-,-) 
  n_16441                      -       -      -     (net)          -    -     -     -       -    (-,-) 
  g586026/X                    -       A->X   R     aoi21_1x       1  3.6    61    46    1211    (-,-) 
  n_17208                      -       -      -     (net)          -    -     -     -       -    (-,-) 
  g585856/X                    -       B0->X  F     oai22_1x       1  5.3    53    61    1272    (-,-) 
  n_17540                      -       -      -     (net)          -    -     -     -       -    (-,-) 
  g585817/X                    -       A->X   R     nand2_2x       1  5.2    35    36    1308    (-,-) 
  n_17666                      -       -      -     (net)          -    -     -     -       -    (-,-) 
  g585790/X                    -       A->X   F     nand3_2x       1  5.3    34    35    1343    (-,-) 
  n_17729                      -       -      -     (net)          -    -     -     -       -    (-,-) 
  g639438/X                    -       A->X   R     nand2_2x       1  9.8    46    41    1383    (-,-) 
  n_83541                      -       -      -     (net)          -    -     -     -       -    (-,-) 
  g639437/X                    -       A->X   F     nand2_4x       2 11.8    27    32    1415    (-,-) 
  n_83542                      -       -      -     (net)          -    -     -     -       -    (-,-) 
  g585695/X                    -       A->X   F     buf_6x         5 42.0    35    68    1483    (-,-) 
  n_18101                      -       -      -     (net)          -    -     -     -       -    (-,-) 
  g585694/X                    -       A->X   R     inv_8x        22 82.0    53    47    1530    (-,-) 
  n_18557                      -       -      -     (net)          -    -     -     -       -    (-,-) 
  g584464/X                    -       B0->X  F     oai22_1x       1  2.7    34    49    1579    (-,-) 
  n_18554                      -       -      -     (net)          -    -     -     -       -    (-,-) 
  data_latch_reg[6][19][3]/D   <<<     -      F     dffrq_1x       1    -     -     0    1579    (-,-) 
#------------------------------------------------------------------------------------------------------

Capture clock path:
#-----------------------------------------------------------------------------------------------------
#        Timing Point          Flags   Arc   Edge   Cell     Fanout Load Trans Delay Arrival Instance 
#                                                                   (fF)  (ps)  (ps)   (ps)  Location 
#-----------------------------------------------------------------------------------------------------
  xif_clk                      (i)     -     R     (arrival)   2048  0.0     1     0    1250    (-,-) 
  xif_clk                      -       -     -     (net)          -    -     -     -       -    (-,-) 
  xif_clk                      -       -     -     (net)          -    -     -     -       -    (-,-) 
  data_latch_reg[6][19][3]/CLK <<<     -     R     dffrq_1x    2048    -     1     0    1250    (-,-) 
#-----------------------------------------------------------------------------------------------------


