============================================================
  Generated by:           Genus(TM) Synthesis Solution 23.14-s090_1
  Generated on:           Oct 25 2025  03:39:20 pm
  Module:                 batcher
  Operating conditions:   PVT_1P2V_25C 
  Interconnect mode:      global
  Area mode:              physical library
============================================================

                                   Leakage     Internal                                  Library 
   Gate    Instances     Area    Power (nW)   Power (nW)              Library             Domain 
-------------------------------------------------------------------------------------------------
and2_1x          189     793.498    642.232    135229.756    MITLL90_STDLIB_8T.tt1p2v25c       0 
ao21_1x          845    4434.560   3127.640   1168459.425    MITLL90_STDLIB_8T.tt1p2v25c       0 
ao21_2x            2      12.595     10.669      5723.644    MITLL90_STDLIB_8T.tt1p2v25c       0 
ao21_4x          219    1838.899   1861.624   1023395.902    MITLL90_STDLIB_8T.tt1p2v25c       0 
ao22_1x           36     264.499    144.983     42206.427    MITLL90_STDLIB_8T.tt1p2v25c       0 
aoi21_1x        1155    4849.152   2463.213    773571.692    MITLL90_STDLIB_8T.tt1p2v25c       0 
aoi22_1x        1055    5536.640   2331.362    716063.225    MITLL90_STDLIB_8T.tt1p2v25c       0 
dffrq_1x         240    4030.464   1687.556    914184.899    MITLL90_STDLIB_8T.tt1p2v25c       0 
inv_1x          4571    9595.443   8045.097   1014492.305    MITLL90_STDLIB_8T.tt1p2v25c       0 
inv_2x            20      62.976     74.650     18480.983    MITLL90_STDLIB_8T.tt1p2v25c       0 
nand2_1x         544    1712.947    704.160    159528.156    MITLL90_STDLIB_8T.tt1p2v25c       0 
nand3_1x          93     390.451    134.820     24796.138    MITLL90_STDLIB_8T.tt1p2v25c       0 
nor2_1x         1191    3750.221   1659.165    318076.104    MITLL90_STDLIB_8T.tt1p2v25c       0 
nor3_1x          619    2598.810    798.571    274185.315    MITLL90_STDLIB_8T.tt1p2v25c       0 
oa21_1x          158     829.184    646.023    262535.636    MITLL90_STDLIB_8T.tt1p2v25c       0 
oa21_4x            1       8.397      9.471      4899.337    MITLL90_STDLIB_8T.tt1p2v25c       0 
oa22_1x          105     771.456    408.964    128023.008    MITLL90_STDLIB_8T.tt1p2v25c       0 
oai21_1x        1344    5642.650   2977.098    899167.494    MITLL90_STDLIB_8T.tt1p2v25c       0 
oai22_1x         933    4896.384   2130.638    632207.550    MITLL90_STDLIB_8T.tt1p2v25c       0 
or2_1x           366    1536.614    829.140    198971.186    MITLL90_STDLIB_8T.tt1p2v25c       0 
or2_2x            18      94.464     81.272     43819.989    MITLL90_STDLIB_8T.tt1p2v25c       0 
or3_1x             7      44.083     17.929      2611.185    MITLL90_STDLIB_8T.tt1p2v25c       0 
sdffrq_1x       7440  156180.480  66010.474  62725236.295    MITLL90_STDLIB_8T.tt1p2v25c       0 
-------------------------------------------------------------------------------------------------
total          21151  209874.867  96796.751  71485865.649                                


                                             Leakage  Leakage   Internal   Internal 
     Type      Instances    Area    Area % Power (nW) Power %  Power (nW)   Power % 
------------------------------------------------------------------------------------
sequential          7680 160210.944   76.3  67698.030    69.9 63639421.195     89.0 
inverter            4591   9658.419    4.6   8119.747     8.4  1032973.288      1.4 
logic               8880  40005.504   19.1  20978.975    21.7  6813471.167      9.5 
physical_cells         0      0.000    0.0      0.000     0.0        0.000      0.0 
------------------------------------------------------------------------------------
total              21151 209874.867  100.0  96796.751   100.0 71485865.649    100.0 

