============================================================
  Generated by:           Genus(TM) Synthesis Solution 23.14-s090_1
  Generated on:           Oct 27 2025  05:32:38 am
  Module:                 batcher
  Operating conditions:   PVT_1P2V_25C 
  Interconnect mode:      global
  Area mode:              physical library
============================================================

                                  Leakage      Internal                                   Library 
  Gate    Instances     Area     Power (nW)   Power (nW)               Library             Domain 
--------------------------------------------------------------------------------------------------
and2_1x         248    1041.203     835.337     803096.802    MITLL90_STDLIB_8T.tt1p2v25c       0 
and2_2x          84     440.832     460.834     438931.977    MITLL90_STDLIB_8T.tt1p2v25c       0 
and3_1x          23     144.845      79.187      72613.966    MITLL90_STDLIB_8T.tt1p2v25c       0 
and3_2x          16     117.555      92.503      88456.584    MITLL90_STDLIB_8T.tt1p2v25c       0 
ao21_1x          26     136.448      92.946     114014.964    MITLL90_STDLIB_8T.tt1p2v25c       0 
ao21_2x           2      12.595      10.769      13833.734    MITLL90_STDLIB_8T.tt1p2v25c       0 
ao22_1x          85     624.512     337.421     408706.997    MITLL90_STDLIB_8T.tt1p2v25c       0 
ao22_2x          32     268.698     183.828     214753.114    MITLL90_STDLIB_8T.tt1p2v25c       0 
aoi21_1x         93     390.451     184.889     198215.699    MITLL90_STDLIB_8T.tt1p2v25c       0 
aoi21_2x        455    3342.976    1601.291    1760397.669    MITLL90_STDLIB_8T.tt1p2v25c       0 
aoi21_4x        498    6795.110    3677.328    3847240.748    MITLL90_STDLIB_8T.tt1p2v25c       0 
aoi22_1x        240    1259.520     470.635     564437.960    MITLL90_STDLIB_8T.tt1p2v25c       0 
aoi22_2x        916    9614.336    3405.220    4238838.015    MITLL90_STDLIB_8T.tt1p2v25c       0 
aoi22_4x        311    5875.661    2348.157    2853229.648    MITLL90_STDLIB_8T.tt1p2v25c       0 
buf_16x          25     551.040     873.495     917658.215    MITLL90_STDLIB_8T.tt1p2v25c       0 
buf_1x         3548   11171.942    9844.819   10673886.555    MITLL90_STDLIB_8T.tt1p2v25c       0 
buf_2x         1029    4320.154    5485.693    5478830.374    MITLL90_STDLIB_8T.tt1p2v25c       0 
buf_4x           24     151.142     216.774     250046.839    MITLL90_STDLIB_8T.tt1p2v25c       0 
buf_6x          807    7623.245   11447.606   12201830.175    MITLL90_STDLIB_8T.tt1p2v25c       0 
buf_8x           34     392.550     588.355     692425.069    MITLL90_STDLIB_8T.tt1p2v25c       0 
inv_12x          46     627.661    1026.812     467209.499    MITLL90_STDLIB_8T.tt1p2v25c       0 
inv_16x           2      35.686      52.934      28629.374    MITLL90_STDLIB_8T.tt1p2v25c       0 
inv_1x         8642   18141.286   14936.089    7617511.475    MITLL90_STDLIB_8T.tt1p2v25c       0 
inv_2x         3760   11839.488   12802.446    5913496.977    MITLL90_STDLIB_8T.tt1p2v25c       0 
inv_4x         1529    8024.192   10639.525    4764596.135    MITLL90_STDLIB_8T.tt1p2v25c       0 
inv_6x          507    3725.030    5510.175    2461627.840    MITLL90_STDLIB_8T.tt1p2v25c       0 
inv_8x          153    1445.299    2245.151    1031335.763    MITLL90_STDLIB_8T.tt1p2v25c       0 
mux2_1x          69     506.957     259.950     343480.149    MITLL90_STDLIB_8T.tt1p2v25c       0 
muxi2_1x         31     195.226      57.417      79753.119    MITLL90_STDLIB_8T.tt1p2v25c       0 
nand2_1x       3714   11694.643    3540.080    3480911.175    MITLL90_STDLIB_8T.tt1p2v25c       0 
nand2_2x       6375   33456.000   14462.715   12205375.536    MITLL90_STDLIB_8T.tt1p2v25c       0 
nand2_4x       1147   10835.021    6447.289    4512948.905    MITLL90_STDLIB_8T.tt1p2v25c       0 
nand3_1x        100     419.840      98.706     122426.417    MITLL90_STDLIB_8T.tt1p2v25c       0 
nand3_2x        477    4005.274    1526.571    1335122.223    MITLL90_STDLIB_8T.tt1p2v25c       0 
nand3_4x        400    5877.760    3997.287    2211558.809    MITLL90_STDLIB_8T.tt1p2v25c       0 
nor2_1x         284     894.259     418.392     292196.847    MITLL90_STDLIB_8T.tt1p2v25c       0 
nor2_2x        1082    5678.336    3348.589    2347708.000    MITLL90_STDLIB_8T.tt1p2v25c       0 
nor2_4x         481    4543.718    2903.891    2024591.021    MITLL90_STDLIB_8T.tt1p2v25c       0 
nor3_2x           8      67.174      20.549      22796.290    MITLL90_STDLIB_8T.tt1p2v25c       0 
nor3_4x           7     102.861      34.630      32662.766    MITLL90_STDLIB_8T.tt1p2v25c       0 
oa21_1x         592    3106.816    2684.642    2587705.433    MITLL90_STDLIB_8T.tt1p2v25c       0 
oa21_2x        1013    6379.469    6107.266    6494847.968    MITLL90_STDLIB_8T.tt1p2v25c       0 
oa21_4x           2      16.794      18.295      24145.764    MITLL90_STDLIB_8T.tt1p2v25c       0 
oa22_1x         102     749.414     414.077     482317.747    MITLL90_STDLIB_8T.tt1p2v25c       0 
oa22_2x          38     319.078     212.122     270470.531    MITLL90_STDLIB_8T.tt1p2v25c       0 
oai21_1x        611    2565.222    1715.683    1187576.213    MITLL90_STDLIB_8T.tt1p2v25c       0 
oai21_2x       1142    8390.502    4645.401    4094870.397    MITLL90_STDLIB_8T.tt1p2v25c       0 
oai21_4x       4025   54920.320   40805.486   29671613.144    MITLL90_STDLIB_8T.tt1p2v25c       0 
oai22_1x        528    2770.944    1227.364    1284654.743    MITLL90_STDLIB_8T.tt1p2v25c       0 
oai22_2x        353    3705.088    1742.726    1599783.355    MITLL90_STDLIB_8T.tt1p2v25c       0 
oai22_4x         70    1322.496     684.957     578536.936    MITLL90_STDLIB_8T.tt1p2v25c       0 
or2_1x           12      50.381      27.939      33053.794    MITLL90_STDLIB_8T.tt1p2v25c       0 
--------------------------------------------------------------------------------------------------
total         45798  260687.053  186852.246  145436959.450                                


                                             Leakage  Leakage    Internal   Internal 
     Type      Instances    Area    Area % Power (nW) Power %   Power (nW)   Power % 
-------------------------------------------------------------------------------------
inverter           14639  43838.643   16.8  47213.133    25.3  22284407.063     15.3 
buffer              5467  24210.074    9.3  28456.741    15.2  30214677.228     20.8 
logic              25692 192638.336   73.9 111182.372    59.5  92937875.158     63.9 
physical_cells         0      0.000    0.0      0.000     0.0         0.000      0.0 
-------------------------------------------------------------------------------------
total              45798 260687.053  100.0 186852.246   100.0 145436959.450    100.0 

