============================================================
  Generated by:           Genus(TM) Synthesis Solution 23.14-s090_1
  Generated on:           Oct 27 2025  05:31:46 am
  Module:                 batcher
  Operating conditions:   PVT_1P2V_25C 
  Interconnect mode:      global
  Area mode:              physical library
============================================================

Timing
--------

Analysis view  Clock Period 
----------------------------
view_1p2_25   clock1 1250.0 


  Analysis    Cost   Critical              Violating 
    View     Group  Path Slack     TNS       Paths   
-----------------------------------------------------
view_1p2_25  clock1    -5554.2 -2836852.9        512 
            default   No paths        0.0          0 
-----------------------------------------------------
Total                          -2836852.9        512 
                                                     

Instance Count
--------------
Leaf Instance Count             45798 
Physical Instance count             0 
Sequential Instance Count           0 
Combinational Instance Count    45798 
Hierarchical Instance Count         0 

Area
----
Cell Area                          260687.053
Physical Cell Area                 0.000
Total Cell Area (Cell+Physical)    260687.053
Net Area                           129295.816
Total Area (Cell+Physical+Net)     389982.869

Power
-----
Leakage Power                      186852.246 nW
Dynamic Power                      401132614.175 nW
Total Power                        401319466.421 nW

Max Fanout                         62 (n_52657)
Min Fanout                         0 (xif_in[0][shift][0])
Average Fanout                     1.9
Terms to net ratio                 2.8454
Terms to instance ratio            2.8872
Runtime                            59.924354 seconds
Elapsed Runtime                    60 seconds
Genus peak memory usage            1865.05 
Innovus peak memory usage          no_value 
Hostname                           asicfab.ecn.purdue.edu
