============================================================
  Generated by:           Genus(TM) Synthesis Solution 23.14-s090_1
  Generated on:           Oct 27 2025  05:31:59 am
  Module:                 batcher
  Operating conditions:   PVT_1P2V_25C 
  Interconnect mode:      global
  Area mode:              physical library
============================================================


Path 1: VIOLATED (-5554 ps) Late External Delay Assertion at pin xif_out[23][14]
           View: view_1p2_25
          Group: clock1
     Startpoint: (R) xif_in[25][din][13]
          Clock: (R) clock1
       Endpoint: (F) xif_out[23][14]
          Clock: (R) clock1

                     Capture       Launch     
        Clock Edge:+    1250            0     
        Drv Adjust:+       0            6     
       Src Latency:+       0            0     
       Net Latency:+       0 (I)        0 (I) 
           Arrival:=    1250            6     
                                              
      Output Delay:-       1                  
       Uncertainty:-       0                  
     Required Time:=    1249                  
      Launch Clock:-       6                  
       Input Delay:-       1                  
         Data Path:-    6796                  
             Slack:=   -5554                  

Exceptions/Constraints:
  input_delay               1              batcher.sdc_line_18_135_1   
  output_delay              1              batcher.sdc_line_19_801_1   

#---------------------------------------------------------------------------------------------
#    Timing Point     Flags   Arc   Edge   Cell     Fanout  Load Trans Delay Arrival Instance 
#                                                           (fF)  (ps)  (ps)   (ps)  Location 
#---------------------------------------------------------------------------------------------
  xif_in[25][din][13] -       -     R     (arrival)      3  20.8    16     0       7    (-,-) 
  xif_in[25][din][13] -       -     -     (net)          -     -     -     -       -    (-,-) 
  g650166/X           -       A->X  F     inv_4x         3  21.3    19    22      29    (-,-) 
  n_1702              -       -     -     (net)          -     -     -     -       -    (-,-) 
  g5823/X             -       B0->X R     oai22_2x       1   9.5    90    64      94    (-,-) 
  n_72978             -       -     -     (net)          -     -     -     -       -    (-,-) 
  g5815/X             -       A->X  F     nor2_4x        1   9.3    38    46     139    (-,-) 
  n_72981             -       -     -     (net)          -     -     -     -       -    (-,-) 
  g5809/X             -       B->X  R     nand3_4x       1  11.0    44    40     180    (-,-) 
  n_72986             -       -     -     (net)          -     -     -     -       -    (-,-) 
  g677550/X           -       A->X  F     oai21_4x       1   9.4    29    32     212    (-,-) 
  n_83124             -       -     -     (net)          -     -     -     -       -    (-,-) 
  g677549/X           -       C->X  R     oai21_4x       3  17.4    61    42     254    (-,-) 
  n_83125             -       -     -     (net)          -     -     -     -       -    (-,-) 
  g648226/X           -       A->X  R     buf_6x         3  24.5    29    64     317    (-,-) 
  n_2305              -       -     -     (net)          -     -     -     -       -    (-,-) 
  g648225/X           -       A->X  F     inv_6x         8  47.5    28    32     350    (-,-) 
  n_2401              -       -     -     (net)          -     -     -     -       -    (-,-) 
  g648224/X           -       A->X  R     inv_6x         3  26.2    27    28     377    (-,-) 
  n_2643              -       -     -     (net)          -     -     -     -       -    (-,-) 
  g648222/X           -       A->X  F     inv_6x         4  31.8    21    26     403    (-,-) 
  n_3080              -       -     -     (net)          -     -     -     -       -    (-,-) 
  g648005/X           -       A->X  R     nand2_2x       1   9.0    43    35     438    (-,-) 
  n_3081              -       -     -     (net)          -     -     -     -       -    (-,-) 
  g645647/X           -       C->X  F     nand3_4x       1  10.8    35    48     486    (-,-) 
  n_5300              -       -     -     (net)          -     -     -     -       -    (-,-) 
  fopt678446/X        -       A->X  R     inv_4x         2  20.2    32    32     518    (-,-) 
  n_84308             -       -     -     (net)          -     -     -     -       -    (-,-) 
  g1616/X             -       A->X  F     aoi21_4x       1  10.5    30    30     548    (-,-) 
  n_74343             -       -     -     (net)          -     -     -     -       -    (-,-) 
  g1611/X             -       B1->X R     oai22_4x       1  11.1    72    58     606    (-,-) 
  n_74345             -       -     -     (net)          -     -     -     -       -    (-,-) 
  g1610/X             -       A->X  F     aoi21_4x       1  11.0    35    40     646    (-,-) 
  n_74352             -       -     -     (net)          -     -     -     -       -    (-,-) 
  g644792/X           -       A->X  R     oai21_4x       3  22.2    73    61     706    (-,-) 
  n_6015              -       -     -     (net)          -     -     -     -       -    (-,-) 
  fopt657263/X        -       A->X  F     inv_4x         2  21.2    33    37     743    (-,-) 
  n_60834             -       -     -     (net)          -     -     -     -       -    (-,-) 
  fopt657262/X        -       A->X  R     inv_4x         3  22.2    33    33     776    (-,-) 
  n_60829             -       -     -     (net)          -     -     -     -       -    (-,-) 
  fopt657258/X        -       A->X  F     inv_2x         4  19.9    34    38     813    (-,-) 
  n_60825             -       -     -     (net)          -     -     -     -       -    (-,-) 
  g644134/X           -       A->X  R     nand2_2x       1   9.6    48    40     854    (-,-) 
  n_6651              -       -     -     (net)          -     -     -     -       -    (-,-) 
  g643686/X           -       C->X  F     oai21_4x       3  10.3    38    44     898    (-,-) 
  n_8274              -       -     -     (net)          -     -     -     -       -    (-,-) 
  g641921/X           -       B->X  R     nand2_2x       1   9.4    46    44     942    (-,-) 
  n_8275              -       -     -     (net)          -     -     -     -       -    (-,-) 
  g641565/X           -       B->X  F     nand3_4x       2  15.4    43    52     994    (-,-) 
  n_9316              -       -     -     (net)          -     -     -     -       -    (-,-) 
  g671114/X           -       A->X  R     oai21_2x       1  10.0    83    58    1053    (-,-) 
  n_76158             -       -     -     (net)          -     -     -     -       -    (-,-) 
  g671112/X           -       C->X  F     aoi21_4x       1   9.4    42    45    1098    (-,-) 
  n_76159             -       -     -     (net)          -     -     -     -       -    (-,-) 
  g671108/X           -       C->X  R     oai21_4x       1  10.9    46    40    1138    (-,-) 
  n_76160             -       -     -     (net)          -     -     -     -       -    (-,-) 
  g671107/X           -       A->X  F     inv_4x         5  33.3    32    39    1177    (-,-) 
  n_76161             -       -     -     (net)          -     -     -     -       -    (-,-) 
  g641199/X           -       A->X  F     buf_6x         7  30.1    30    64    1241    (-,-) 
  n_10158             -       -     -     (net)          -     -     -     -       -    (-,-) 
  g641198/X           -       A->X  F     buf_6x         4  25.4    27    61    1302    (-,-) 
  n_10526             -       -     -     (net)          -     -     -     -       -    (-,-) 
  g640048/X           -       A->X  R     oai21_2x       2  11.6    91    60    1361    (-,-) 
  n_10919             -       -     -     (net)          -     -     -     -       -    (-,-) 
  g639448/X           -       A->X  F     inv_2x         3  11.8    39    42    1403    (-,-) 
  n_11412             -       -     -     (net)          -     -     -     -       -    (-,-) 
  g637870/X           -       B1->X R     aoi22_2x       1   5.9    61    64    1467    (-,-) 
  n_12900             -       -     -     (net)          -     -     -     -       -    (-,-) 
  g670987/X           -       B->X  F     oai21_2x       1  10.3    45    50    1518    (-,-) 
  n_76023             -       -     -     (net)          -     -     -     -       -    (-,-) 
  g670986/X           -       C->X  R     aoi21_4x       2  18.0    69    66    1584    (-,-) 
  n_76024             -       -     -     (net)          -     -     -     -       -    (-,-) 
  g657008/X           -       B->X  F     nand2_4x       3  17.3    35    49    1633    (-,-) 
  n_60543             -       -     -     (net)          -     -     -     -       -    (-,-) 
  g663982/X           -       A->X  F     buf_6x         3  21.9    26    61    1694    (-,-) 
  n_67497             -       -     -     (net)          -     -     -     -       -    (-,-) 
  g663986/X           -       A->X  R     inv_4x         8  34.1    45    39    1733    (-,-) 
  n_67499             -       -     -     (net)          -     -     -     -       -    (-,-) 
  g670873/X           -       A->X  F     nand2_2x       2  12.6    40    43    1776    (-,-) 
  n_75910             -       -     -     (net)          -     -     -     -       -    (-,-) 
  g687457/X           -       C->X  F     oa21_1x        1   5.9    33    63    1839    (-,-) 
  n_93426             -       -     -     (net)          -     -     -     -       -    (-,-) 
  g634155/X           -       B0->X R     aoi22_2x       1   5.2    57    57    1896    (-,-) 
  n_16089             -       -     -     (net)          -     -     -     -       -    (-,-) 
  g633962/X           -       B->X  F     nand2_2x       1  10.3    38    49    1944    (-,-) 
  n_16610             -       -     -     (net)          -     -     -     -       -    (-,-) 
  g633778/X           -       C->X  R     aoi21_4x       1   9.5    49    52    1996    (-,-) 
  n_16933             -       -     -     (net)          -     -     -     -       -    (-,-) 
  g450/X              -       A->X  F     nor2_4x        2  16.6    40    45    2041    (-,-) 
  n_73300             -       -     -     (net)          -     -     -     -       -    (-,-) 
  g441/X              -       A->X  R     oai21_4x       2  16.6    60    53    2094    (-,-) 
  n_73309             -       -     -     (net)          -     -     -     -       -    (-,-) 
  g633495/X           -       A->X  F     inv_4x         3  21.9    30    35    2129    (-,-) 
  n_17108             -       -     -     (net)          -     -     -     -       -    (-,-) 
  g633490/X           -       A->X  R     inv_4x         7  28.0    38    36    2165    (-,-) 
  n_17313             -       -     -     (net)          -     -     -     -       -    (-,-) 
  g633488/X           -       A->X  F     inv_2x         2  16.4    30    35    2200    (-,-) 
  n_17340             -       -     -     (net)          -     -     -     -       -    (-,-) 
  g633486/X           -       A->X  R     inv_2x         2  12.7    35    34    2234    (-,-) 
  n_17933             -       -     -     (net)          -     -     -     -       -    (-,-) 
  g633102/X           -       A->X  F     nand2_4x       1   9.4    23    27    2260    (-,-) 
  n_17935             -       -     -     (net)          -     -     -     -       -    (-,-) 
  g632650/X           -       C->X  R     oai21_4x       7  21.0    70    44    2304    (-,-) 
  n_20031             -       -     -     (net)          -     -     -     -       -    (-,-) 
  g632202/X           -       A->X  F     inv_1x         1   3.3    28    29    2334    (-,-) 
  n_19058             -       -     -     (net)          -     -     -     -       -    (-,-) 
  g630702/X           -       A->X  R     nand2_1x       1   9.4    78    59    2392    (-,-) 
  n_19760             -       -     -     (net)          -     -     -     -       -    (-,-) 
  g630125/X           -       B->X  F     nand3_4x       1  10.7    39    54    2446    (-,-) 
  n_20543             -       -     -     (net)          -     -     -     -       -    (-,-) 
  g629995/X           -       B->X  R     aoi21_4x       1  11.0    53    48    2494    (-,-) 
  n_20733             -       -     -     (net)          -     -     -     -       -    (-,-) 
  g629949/X           -       A->X  F     oai21_4x       1   9.8    31    34    2529    (-,-) 
  n_20795             -       -     -     (net)          -     -     -     -       -    (-,-) 
  g629941/X           -       A->X  R     nand2_4x       2  26.5    60    48    2577    (-,-) 
  n_20820             -       -     -     (net)          -     -     -     -       -    (-,-) 
  fopt652162/X        -       A->X  F     inv_4x         8  27.5    33    39    2616    (-,-) 
  n_55508             -       -     -     (net)          -     -     -     -       -    (-,-) 
  g686980/X           -       A->X  R     nand2_1x       1   3.7    38    36    2652    (-,-) 
  n_92849             -       -     -     (net)          -     -     -     -       -    (-,-) 
  g687088/X           -       C->X  R     oa21_2x        3  13.1    42    86    2737    (-,-) 
  n_92960             -       -     -     (net)          -     -     -     -       -    (-,-) 
  g686985/X           -       B->X  F     nor2_2x        1   6.2    34    42    2779    (-,-) 
  n_92857             -       -     -     (net)          -     -     -     -       -    (-,-) 
  g626526/X           -       A->X  R     aoi21_2x       1   4.7    47    40    2818    (-,-) 
  n_24163             -       -     -     (net)          -     -     -     -       -    (-,-) 
  g669051/X           -       C->X  F     oai21_2x       1  10.3    45    53    2872    (-,-) 
  n_73599             -       -     -     (net)          -     -     -     -       -    (-,-) 
  g670674/X           -       C->X  R     aoi21_4x       1   9.6    50    53    2925    (-,-) 
  n_75703             -       -     -     (net)          -     -     -     -       -    (-,-) 
  g652961/X           -       C->X  F     oai21_4x       2  17.2    39    52    2977    (-,-) 
  n_56583             -       -     -     (net)          -     -     -     -       -    (-,-) 
  fopt653415/X        -       A->X  F     buf_16x       10  63.3    31    74    3050    (-,-) 
  n_57037             -       -     -     (net)          -     -     -     -       -    (-,-) 
  g652974/X           -       A->X  R     nand2_1x       1   3.7    39    36    3086    (-,-) 
  n_56595             -       -     -     (net)          -     -     -     -       -    (-,-) 
  g652973/X           -       C->X  R     oa21_2x        3  10.6    37    82    3168    (-,-) 
  n_56596             -       -     -     (net)          -     -     -     -       -    (-,-) 
  g623328/X           -       B->X  F     nand2_2x       1   5.1    26    32    3200    (-,-) 
  n_26326             -       -     -     (net)          -     -     -     -       -    (-,-) 
  g623130/X           -       B->X  R     nand2_2x       1   5.3    31    32    3232    (-,-) 
  n_27130             -       -     -     (net)          -     -     -     -       -    (-,-) 
  g622815/X           -       B->X  F     nand3_2x       1   5.1    32    41    3272    (-,-) 
  n_27788             -       -     -     (net)          -     -     -     -       -    (-,-) 
  g622757/X           -       B->X  R     nand2_2x       1   9.3    45    42    3314    (-,-) 
  n_27961             -       -     -     (net)          -     -     -     -       -    (-,-) 
  g622676/X           -       A->X  F     nand3_4x       1   9.0    33    36    3350    (-,-) 
  n_28053             -       -     -     (net)          -     -     -     -       -    (-,-) 
  g622668/X           -       B->X  R     nand2_4x       1   9.8    31    34    3384    (-,-) 
  n_28099             -       -     -     (net)          -     -     -     -       -    (-,-) 
  g622634/X           -       A->X  F     nand2_4x       2  18.4    34    34    3418    (-,-) 
  n_28155             -       -     -     (net)          -     -     -     -       -    (-,-) 
  g622620/X           -       B->X  R     nand2_4x       1  11.6    34    36    3454    (-,-) 
  n_28157             -       -     -     (net)          -     -     -     -       -    (-,-) 
  g679002/X           -       A->X  R     buf_16x       13 103.0    41    70    3524    (-,-) 
  n_84878             -       -     -     (net)          -     -     -     -       -    (-,-) 
  g622485/X           -       A->X  F     inv_4x         5  15.7    21    26    3550    (-,-) 
  n_28508             -       -     -     (net)          -     -     -     -       -    (-,-) 
  g621854/X           -       A->X  R     nand2_1x       1   3.6    38    32    3582    (-,-) 
  n_28721             -       -     -     (net)          -     -     -     -       -    (-,-) 
  g621458/X           -       C->X  F     oai21_1x       2   8.3    58    63    3645    (-,-) 
  n_29503             -       -     -     (net)          -     -     -     -       -    (-,-) 
  g619673/X           -       B->X  R     nand2_2x       1   9.3    50    50    3696    (-,-) 
  n_31210             -       -     -     (net)          -     -     -     -       -    (-,-) 
  g670119/X           -       A->X  F     nand3_4x       2  15.2    43    45    3741    (-,-) 
  n_75111             -       -     -     (net)          -     -     -     -       -    (-,-) 
  g670589/X           -       B->X  R     oai21_2x       1  10.0    86    62    3803    (-,-) 
  n_75615             -       -     -     (net)          -     -     -     -       -    (-,-) 
  g618971/X           -       C->X  F     aoi21_4x       1   9.4    43    46    3849    (-,-) 
  n_31823             -       -     -     (net)          -     -     -     -       -    (-,-) 
  g618934/X           -       C->X  R     oai21_4x       1  16.0    58    45    3894    (-,-) 
  n_31914             -       -     -     (net)          -     -     -     -       -    (-,-) 
  g618799/X           -       A->X  F     inv_6x         3  32.0    29    34    3929    (-,-) 
  n_32143             -       -     -     (net)          -     -     -     -       -    (-,-) 
  g618780/X           -       A->X  R     inv_6x         6  33.9    33    32    3960    (-,-) 
  n_32330             -       -     -     (net)          -     -     -     -       -    (-,-) 
  g618773/X           -       A->X  F     inv_4x         5  21.8    22    28    3988    (-,-) 
  n_32592             -       -     -     (net)          -     -     -     -       -    (-,-) 
  g618416/X           -       A->X  R     nand2_2x       1   9.6    46    37    4025    (-,-) 
  n_33009             -       -     -     (net)          -     -     -     -       -    (-,-) 
  g663386/X           -       C->X  F     oai21_4x       4  13.9    37    47    4072    (-,-) 
  n_66917             -       -     -     (net)          -     -     -     -       -    (-,-) 
  g615973/X           -       A->X  F     and2_1x        1   6.2    29    62    4134    (-,-) 
  n_34439             -       -     -     (net)          -     -     -     -       -    (-,-) 
  g615637/X           -       A->X  R     aoi21_2x       1   6.0    54    42    4177    (-,-) 
  n_35133             -       -     -     (net)          -     -     -     -       -    (-,-) 
  g615433/X           -       A0->X F     oai22_2x       1   9.3    52    48    4225    (-,-) 
  n_35360             -       -     -     (net)          -     -     -     -       -    (-,-) 
  g615359/X           -       A->X  R     nand3_4x       1   9.2    38    39    4264    (-,-) 
  n_35444             -       -     -     (net)          -     -     -     -       -    (-,-) 
  g615333/X           -       B->X  F     nand2_4x       1   9.8    27    33    4297    (-,-) 
  n_35475             -       -     -     (net)          -     -     -     -       -    (-,-) 
  g615315/X           -       A->X  R     nand2_4x       2  19.2    48    39    4336    (-,-) 
  n_35545             -       -     -     (net)          -     -     -     -       -    (-,-) 
  g615299/X           -       A->X  F     nand2_4x       2  11.8    29    32    4368    (-,-) 
  n_35634             -       -     -     (net)          -     -     -     -       -    (-,-) 
  g656994/X           -       A->X  F     buf_6x         3  34.7    32    65    4433    (-,-) 
  n_60529             -       -     -     (net)          -     -     -     -       -    (-,-) 
  g678759/X           -       A->X  R     inv_6x        10  51.1    45    41    4474    (-,-) 
  n_84635             -       -     -     (net)          -     -     -     -       -    (-,-) 
  g614328/X           -       A1->X R     ao22_2x        2  10.9    40    74    4548    (-,-) 
  n_36492             -       -     -     (net)          -     -     -     -       -    (-,-) 
  g613994/X           -       A->X  F     inv_2x         3  19.2    34    39    4588    (-,-) 
  n_37778             -       -     -     (net)          -     -     -     -       -    (-,-) 
  g869/X              -       A->X  F     oa21_1x        1  11.1    47    90    4677    (-,-) 
  n_74262             -       -     -     (net)          -     -     -     -       -    (-,-) 
  g866/X              -       B->X  R     oai21_4x       1  11.1    49    50    4727    (-,-) 
  n_74266             -       -     -     (net)          -     -     -     -       -    (-,-) 
  g611663/X           -       A->X  F     aoi21_4x       1  11.0    32    35    4762    (-,-) 
  n_39091             -       -     -     (net)          -     -     -     -       -    (-,-) 
  g669250/X           -       A->X  R     oai21_4x       1  16.0    58    50    4813    (-,-) 
  n_73822             -       -     -     (net)          -     -     -     -       -    (-,-) 
  g611296/X           -       A->X  F     inv_6x         2  42.6    32    39    4852    (-,-) 
  n_39154             -       -     -     (net)          -     -     -     -       -    (-,-) 
  g611274/X           -       A->X  F     buf_16x       12  69.4    32    73    4925    (-,-) 
  n_39380             -       -     -     (net)          -     -     -     -       -    (-,-) 
  g611265/X           -       A->X  R     inv_8x         7  42.7    32    32    4957    (-,-) 
  n_39231             -       -     -     (net)          -     -     -     -       -    (-,-) 
  g609524/X           -       A0->X F     aoi22_2x       2  10.9    54    41    4998    (-,-) 
  n_39987             -       -     -     (net)          -     -     -     -       -    (-,-) 
  g608635/X           -       A->X  R     nand2_2x       1   9.4    47    46    5044    (-,-) 
  n_40363             -       -     -     (net)          -     -     -     -       -    (-,-) 
  g608346/X           -       B->X  F     nand3_4x       2  20.1    56    59    5103    (-,-) 
  n_42161             -       -     -     (net)          -     -     -     -       -    (-,-) 
  g608172/X           -       A->X  R     nor2_4x        2  15.9    56    50    5154    (-,-) 
  n_42572             -       -     -     (net)          -     -     -     -       -    (-,-) 
  g661710/X           -       A->X  F     nand2_2x       1  11.1    39    44    5197    (-,-) 
  n_65252             -       -     -     (net)          -     -     -     -       -    (-,-) 
  g607607/X           -       B->X  R     oai21_4x       3  27.0    84    73    5270    (-,-) 
  n_42765             -       -     -     (net)          -     -     -     -       -    (-,-) 
  g676528/X           -       A->X  F     inv_4x         6  39.9    46    54    5323    (-,-) 
  n_81893             -       -     -     (net)          -     -     -     -       -    (-,-) 
  g607382/X           -       A->X  R     inv_6x         3  34.7    38    37    5360    (-,-) 
  n_42793             -       -     -     (net)          -     -     -     -       -    (-,-) 
  g676533/X           -       A->X  F     inv_8x         7  45.9    24    30    5390    (-,-) 
  n_42802             -       -     -     (net)          -     -     -     -       -    (-,-) 
  g606932/X           -       A->X  R     nand2_2x       1   9.6    47    37    5428    (-,-) 
  n_43044             -       -     -     (net)          -     -     -     -       -    (-,-) 
  g673985/X           -       C->X  F     oai21_4x       3   8.7    32    42    5470    (-,-) 
  n_79206             -       -     -     (net)          -     -     -     -       -    (-,-) 
  g604947/X           -       A->X  R     nand2_1x       1   5.2    48    42    5512    (-,-) 
  n_45415             -       -     -     (net)          -     -     -     -       -    (-,-) 
  g604634/X           -       B->X  F     nand2_2x       1   9.6    33    45    5557    (-,-) 
  n_45974             -       -     -     (net)          -     -     -     -       -    (-,-) 
  g604522/X           -       B->X  R     nor2_4x        2  10.1    38    40    5597    (-,-) 
  n_46331             -       -     -     (net)          -     -     -     -       -    (-,-) 
  g320/X              -       A->X  F     nand2_2x       1  10.3    34    37    5634    (-,-) 
  n_73216             -       -     -     (net)          -     -     -     -       -    (-,-) 
  g669861/X           -       C->X  R     aoi21_4x       2  12.5    56    56    5690    (-,-) 
  n_74695             -       -     -     (net)          -     -     -     -       -    (-,-) 
  g185_1/X            -       A->X  F     nor2_1x        1   6.1    52    56    5746    (-,-) 
  n_74697             -       -     -     (net)          -     -     -     -       -    (-,-) 
  g669860/X           -       A->X  F     buf_6x        12  47.4    38    78    5824    (-,-) 
  n_74698             -       -     -     (net)          -     -     -     -       -    (-,-) 
  g603307/X           -       B->X  R     nand2_2x       1   9.6    47    44    5868    (-,-) 
  n_46716             -       -     -     (net)          -     -     -     -       -    (-,-) 
  g670114/X           -       C->X  F     oai21_4x       3  12.3    40    46    5914    (-,-) 
  n_50037             -       -     -     (net)          -     -     -     -       -    (-,-) 
  g601868/X           -       A->X  R     inv_2x         2   6.0    25    25    5940    (-,-) 
  n_47552             -       -     -     (net)          -     -     -     -       -    (-,-) 
  g673180/X           -       B->X  F     nor2_1x        1   6.0    51    49    5988    (-,-) 
  n_78346             -       -     -     (net)          -     -     -     -       -    (-,-) 
  g673179/X           -       A0->X R     aoi22_2x       1  10.8    84    68    6057    (-,-) 
  n_78347             -       -     -     (net)          -     -     -     -       -    (-,-) 
  g600986/X           -       B->X  F     oai21_4x       1  11.0    42    46    6103    (-,-) 
  n_49681             -       -     -     (net)          -     -     -     -       -    (-,-) 
  g678081/X           -       A->X  R     aoi21_4x       2  18.4    70    56    6159    (-,-) 
  n_83866             -       -     -     (net)          -     -     -     -       -    (-,-) 
  g674453/X           -       C->X  F     oai21_4x       3  19.6    44    60    6219    (-,-) 
  n_79690             -       -     -     (net)          -     -     -     -       -    (-,-) 
  g674452/X           -       A->X  R     inv_4x         5  25.8    40    38    6257    (-,-) 
  n_79691             -       -     -     (net)          -     -     -     -       -    (-,-) 
  g600026/X           -       A->X  F     nand2_1x       1   3.6    28    32    6290    (-,-) 
  n_49875             -       -     -     (net)          -     -     -     -       -    (-,-) 
  g599395/X           -       C->X  F     oa21_1x        2   6.4    34    61    6350    (-,-) 
  n_50240             -       -     -     (net)          -     -     -     -       -    (-,-) 
  g599189/X           -       A->X  R     inv_1x         2   8.6    46    42    6392    (-,-) 
  n_50478             -       -     -     (net)          -     -     -     -       -    (-,-) 
  g598608/X           -       A->X  F     nor2_2x        1   3.6    28    32    6424    (-,-) 
  n_51285             -       -     -     (net)          -     -     -     -       -    (-,-) 
  g598195__5107/X     -       A1->X R     oai22_1x       1   3.4    76    50    6474    (-,-) 
  n_52137             -       -     -     (net)          -     -     -     -       -    (-,-) 
  g598112__2883/X     -       B->X  F     oai21_1x       1   3.6    43    47    6521    (-,-) 
  n_52331             -       -     -     (net)          -     -     -     -       -    (-,-) 
  g669778/X           -       C->X  R     aoi21_1x       1   3.7    61    60    6581    (-,-) 
  n_74597             -       -     -     (net)          -     -     -     -       -    (-,-) 
  g686269/X           -       A->X  R     oa21_2x        3  17.4    51    86    6667    (-,-) 
  n_92148             -       -     -     (net)          -     -     -     -       -    (-,-) 
  g674264/X           -       A->X  R     buf_6x        27  86.6    74    90    6758    (-,-) 
  n_79501             -       -     -     (net)          -     -     -     -       -    (-,-) 
  g597376__674289/X   -       B0->X F     oai22_1x       1   0.9    26    46    6803    (-,-) 
  xif_out[23][14]     -       -     -     (net)          -     -     -     -       -    (-,-) 
  xif_out[23][14]     <<<     -     F     (port)         -     -     -     0    6803    (-,-) 
#---------------------------------------------------------------------------------------------


