============================================================
  Generated by:           Genus(TM) Synthesis Solution 23.14-s090_1
  Generated on:           Oct 27 2025  02:48:39 am
  Module:                 batcher
  Operating conditions:   PVT_1P2V_25C 
  Interconnect mode:      global
  Area mode:              physical library
============================================================

                                   Leakage      Internal                                   Library 
   Gate    Instances     Area     Power (nW)   Power (nW)               Library             Domain 
---------------------------------------------------------------------------------------------------
and2_1x          250    1049.600     852.675     830927.804    MITLL90_STDLIB_8T.tt1p2v25c       0 
and2_2x           91     477.568     495.402     463627.036    MITLL90_STDLIB_8T.tt1p2v25c       0 
and3_1x           65     409.344     242.561     234238.621    MITLL90_STDLIB_8T.tt1p2v25c       0 
and3_2x           18     132.250     108.242     110335.367    MITLL90_STDLIB_8T.tt1p2v25c       0 
ao21_1x           40     209.920     144.788     184672.189    MITLL90_STDLIB_8T.tt1p2v25c       0 
ao21_2x            3      18.893      15.142      20936.552    MITLL90_STDLIB_8T.tt1p2v25c       0 
ao22_1x          121     889.011     478.135     562471.950    MITLL90_STDLIB_8T.tt1p2v25c       0 
ao22_2x           19     159.539     108.908     127195.882    MITLL90_STDLIB_8T.tt1p2v25c       0 
aoi21_1x         299    1255.322     586.860     623110.701    MITLL90_STDLIB_8T.tt1p2v25c       0 
aoi21_2x         408    2997.658    1391.135    1584774.187    MITLL90_STDLIB_8T.tt1p2v25c       0 
aoi21_4x         278    3793.254    2002.470    2175079.289    MITLL90_STDLIB_8T.tt1p2v25c       0 
aoi22_1x         560    2938.880    1110.198    1324240.817    MITLL90_STDLIB_8T.tt1p2v25c       0 
aoi22_2x         823    8638.208    3058.859    3665379.354    MITLL90_STDLIB_8T.tt1p2v25c       0 
aoi22_4x         156    2947.277    1131.896    1443988.709    MITLL90_STDLIB_8T.tt1p2v25c       0 
buf_16x           26     573.082     909.208    1041229.035    MITLL90_STDLIB_8T.tt1p2v25c       0 
buf_1x          2708    8526.950    7491.253    7974739.712    MITLL90_STDLIB_8T.tt1p2v25c       0 
buf_2x          1111    4664.422    5948.957    5875965.096    MITLL90_STDLIB_8T.tt1p2v25c       0 
buf_4x            20     125.952     182.894     179420.657    MITLL90_STDLIB_8T.tt1p2v25c       0 
buf_6x           549    5186.074    7783.930    8191017.797    MITLL90_STDLIB_8T.tt1p2v25c       0 
buf_8x            27     311.731     467.989     533255.708    MITLL90_STDLIB_8T.tt1p2v25c       0 
dffrq_1x         536    9001.370    3667.612   11018547.873    MITLL90_STDLIB_8T.tt1p2v25c       0 
inv_12x           30     409.344     654.116     318150.016    MITLL90_STDLIB_8T.tt1p2v25c       0 
inv_16x            3      53.530      89.164      43730.734    MITLL90_STDLIB_8T.tt1p2v25c       0 
inv_1x         10452   21940.838   17900.139    9170998.452    MITLL90_STDLIB_8T.tt1p2v25c       0 
inv_2x          3202   10082.458   11174.117    5011486.921    MITLL90_STDLIB_8T.tt1p2v25c       0 
inv_4x           976    5122.048    6976.118    3045013.397    MITLL90_STDLIB_8T.tt1p2v25c       0 
inv_6x           319    2343.757    3504.325    1569487.317    MITLL90_STDLIB_8T.tt1p2v25c       0 
inv_8x            93     878.515    1343.936     659628.994    MITLL90_STDLIB_8T.tt1p2v25c       0 
mux2_1x           18     132.250      67.043      86897.028    MITLL90_STDLIB_8T.tt1p2v25c       0 
muxi2_1x          34     214.118      69.823      82183.137    MITLL90_STDLIB_8T.tt1p2v25c       0 
nand2_1x        4357   13719.322    4322.335    4208928.272    MITLL90_STDLIB_8T.tt1p2v25c       0 
nand2_2x        4800   25190.400   10741.973    9203727.197    MITLL90_STDLIB_8T.tt1p2v25c       0 
nand2_4x         713    6735.283    4157.267    2862108.055    MITLL90_STDLIB_8T.tt1p2v25c       0 
nand3_1x         262    1099.981     331.013     371156.181    MITLL90_STDLIB_8T.tt1p2v25c       0 
nand3_2x         486    4080.845    2019.912    1398768.310    MITLL90_STDLIB_8T.tt1p2v25c       0 
nand3_4x         316    4643.430    3211.479    1738627.461    MITLL90_STDLIB_8T.tt1p2v25c       0 
nor2_1x          554    1744.435     846.599     676158.234    MITLL90_STDLIB_8T.tt1p2v25c       0 
nor2_2x          983    5158.784    3004.808    2077018.728    MITLL90_STDLIB_8T.tt1p2v25c       0 
nor2_4x          221    2087.654    1321.609     995787.148    MITLL90_STDLIB_8T.tt1p2v25c       0 
nor3_1x            5      20.992       4.585       5388.337    MITLL90_STDLIB_8T.tt1p2v25c       0 
nor3_2x           13     109.158      32.042      40910.592    MITLL90_STDLIB_8T.tt1p2v25c       0 
nor3_4x            8     117.555      48.581      52601.671    MITLL90_STDLIB_8T.tt1p2v25c       0 
oa21_1x          777    4077.696    3495.652    3370463.816    MITLL90_STDLIB_8T.tt1p2v25c       0 
oa21_2x          741    4666.522    4494.488    4700391.487    MITLL90_STDLIB_8T.tt1p2v25c       0 
oa22_1x          116     852.275     459.293     560769.924    MITLL90_STDLIB_8T.tt1p2v25c       0 
oa22_2x           25     209.920     133.259     180520.024    MITLL90_STDLIB_8T.tt1p2v25c       0 
oai21_1x         951    3992.678    2579.183    1808117.665    MITLL90_STDLIB_8T.tt1p2v25c       0 
oai21_2x        1367   10043.622    5669.257    4858678.062    MITLL90_STDLIB_8T.tt1p2v25c       0 
oai21_4x        2615   35681.152   26545.698   18974832.555    MITLL90_STDLIB_8T.tt1p2v25c       0 
oai22_1x        1172    6150.656    2689.323    2844370.043    MITLL90_STDLIB_8T.tt1p2v25c       0 
oai22_2x         273    2865.408    1320.070    1221132.430    MITLL90_STDLIB_8T.tt1p2v25c       0 
oai22_4x          21     396.749     211.614     195570.226    MITLL90_STDLIB_8T.tt1p2v25c       0 
or2_1x            47     197.325     120.232     143303.652    MITLL90_STDLIB_8T.tt1p2v25c       0 
sdffrq_1x        488   10244.096    4037.905   12219369.886    MITLL90_STDLIB_8T.tt1p2v25c       0 
---------------------------------------------------------------------------------------------------
total          44546  239569.101  161756.071  142861430.289                                


                                             Leakage  Leakage    Internal   Internal 
     Type      Instances    Area    Area % Power (nW) Power %   Power (nW)   Power % 
-------------------------------------------------------------------------------------
sequential          1024  19245.466    8.0   7705.517     4.8  23237917.760     16.3 
inverter           15075  40830.490   17.0  41641.914    25.7  19818495.831     13.9 
buffer              4441  19388.211    8.1  22784.230    14.1  23795628.005     16.7 
logic              24006 160104.934   66.8  89624.409    55.4  76009388.693     53.2 
physical_cells         0      0.000    0.0      0.000     0.0         0.000      0.0 
-------------------------------------------------------------------------------------
total              44546 239569.101  100.0 161756.071   100.0 142861430.289    100.0 

