============================================================
  Generated by:           Genus(TM) Synthesis Solution 23.14-s090_1
  Generated on:           Oct 27 2025  02:48:08 am
  Module:                 batcher
  Operating conditions:   PVT_1P2V_25C 
  Interconnect mode:      global
  Area mode:              physical library
============================================================

Timing
--------

Analysis view  Clock Period 
----------------------------
view_1p2_25   clock1 1250.0 


  Analysis    Cost   Critical              Violating 
    View     Group  Path Slack     TNS       Paths   
-----------------------------------------------------
view_1p2_25  clock1    -1389.6 -2959703.8       2512 
            default   No paths        0.0          0 
-----------------------------------------------------
Total                          -2959703.8       2512 
                                                     

Instance Count
--------------
Leaf Instance Count             44546 
Physical Instance count             0 
Sequential Instance Count        1024 
Combinational Instance Count    43522 
Hierarchical Instance Count         0 

Area
----
Cell Area                          239569.101
Physical Cell Area                 0.000
Total Cell Area (Cell+Physical)    239569.101
Net Area                           126490.635
Total Area (Cell+Physical+Net)     366059.736

Power
-----
Leakage Power                      161756.071 nW
Dynamic Power                      361830284.467 nW
Total Power                        361992040.538 nW

Max Fanout                         1024 (xif_clk)
Min Fanout                         0 (xif_in[0][shift][0])
Average Fanout                     1.9
Terms to net ratio                 2.9057
Terms to instance ratio            2.9497
Runtime                            60.702886 seconds
Elapsed Runtime                    61 seconds
Genus peak memory usage            1836.01 
Innovus peak memory usage          no_value 
Hostname                           asicfab.ecn.purdue.edu
