============================================================
  Generated by:           Genus(TM) Synthesis Solution 23.14-s090_1
  Generated on:           Oct 27 2025  02:48:20 am
  Module:                 batcher
  Operating conditions:   PVT_1P2V_25C 
  Interconnect mode:      global
  Area mode:              physical library
============================================================


Path 1: VIOLATED (-1390 ps) Setup Check with Pin data_latch_reg[10][0][15]/CLK->D
           View: view_1p2_25
          Group: clock1
     Startpoint: (R) data_latch_reg[5][12][11]/CLK
          Clock: (R) clock1
       Endpoint: (F) data_latch_reg[10][0][15]/D
          Clock: (R) clock1

                     Capture       Launch     
        Clock Edge:+    1250            0     
       Src Latency:+       0            0     
       Net Latency:+       0 (I)        0 (I) 
           Arrival:=    1250            0     
                                              
             Setup:-     143                  
       Uncertainty:-       0                  
     Required Time:=    1106                  
      Launch Clock:-       0                  
         Data Path:-    2496                  
             Slack:=   -1390                  

Launch clock path:
#------------------------------------------------------------------------------------------------------
#         Timing Point          Flags   Arc   Edge   Cell     Fanout Load Trans Delay Arrival Instance 
#                                                                    (fF)  (ps)  (ps)   (ps)  Location 
#------------------------------------------------------------------------------------------------------
  xif_clk                       (i)     -     R     (arrival)   1024  0.0     1     0       0    (-,-) 
  xif_clk                       -       -     -     (net)          -    -     -     -       -    (-,-) 
  xif_clk                       -       -     -     (net)          -    -     -     -       -    (-,-) 
  data_latch_reg[5][12][11]/CLK <<<     -     R     sdffrq_1x   1024    -     1     0       0    (-,-) 
#------------------------------------------------------------------------------------------------------

#-------------------------------------------------------------------------------------------------------
#         Timing Point          Flags    Arc   Edge   Cell     Fanout Load Trans Delay Arrival Instance 
#                                                                     (fF)  (ps)  (ps)   (ps)  Location 
#-------------------------------------------------------------------------------------------------------
  data_latch_reg[5][12][11]/CLK -       -      R     (arrival)   1024    -     1     0       0    (-,-) 
  data_latch_reg[5][12][11]/Q   -       CLK->Q R     sdffrq_1x      1  6.1    56   174     174    (-,-) 
  data_latch[5][12][11]         -       -      -     (net)          -    -     -     -       -    (-,-) 
  g637327/X                     -       A->X   F     inv_2x         4 16.0    34    40     214    (-,-) 
  n_55640                       -       -      -     (net)          -    -     -     -       -    (-,-) 
  g637326/X                     -       A->X   R     inv_2x         1  9.8    30    30     245    (-,-) 
  n_55641                       -       -      -     (net)          -    -     -     -       -    (-,-) 
  g637325/X                     -       A->X   F     nand2_4x       1  9.3    22    26     271    (-,-) 
  n_55643                       -       -      -     (net)          -    -     -     -       -    (-,-) 
  g639483/X                     -       B->X   R     nand3_4x       2  9.0    38    33     303    (-,-) 
  n_58224                       -       -      -     (net)          -    -     -     -       -    (-,-) 
  g640518/X                     -       B0->X  F     oai22_2x       1  9.8    48    53     357    (-,-) 
  n_59446                       -       -      -     (net)          -    -     -     -       -    (-,-) 
  g640517/X                     -       A->X   R     nand2_4x       1  9.8    33    34     391    (-,-) 
  n_59447                       -       -      -     (net)          -    -     -     -       -    (-,-) 
  g612808/X                     -       A->X   F     nand2_4x       1 10.8    25    28     419    (-,-) 
  n_18513                       -       -      -     (net)          -    -     -     -       -    (-,-) 
  g612798/X                     -       A->X   R     inv_4x         2 18.0    27    27     446    (-,-) 
  n_18782                       -       -      -     (net)          -    -     -     -       -    (-,-) 
  g612772/X                     -       B->X   F     nand2_4x       2 11.7    27    32     478    (-,-) 
  n_18892                       -       -      -     (net)          -    -     -     -       -    (-,-) 
  g612583/X                     -       A->X   R     inv_2x         5 27.5    68    54     532    (-,-) 
  n_19530                       -       -      -     (net)          -    -     -     -       -    (-,-) 
  g612238/X                     -       A->X   F     nand2_2x       1  9.4    39    43     575    (-,-) 
  n_19531                       -       -      -     (net)          -    -     -     -       -    (-,-) 
  g611654/X                     -       C->X   R     oai21_4x       2 15.7    59    44     618    (-,-) 
  n_20368                       -       -      -     (net)          -    -     -     -       -    (-,-) 
  g611099/X                     -       A->X   F     inv_4x         2  9.1    22    24     642    (-,-) 
  n_20679                       -       -      -     (net)          -    -     -     -       -    (-,-) 
  g609569/X                     -       B0->X  R     aoi22_2x       1  5.3    59    54     696    (-,-) 
  n_21557                       -       -      -     (net)          -    -     -     -       -    (-,-) 
  g927/X                        -       B->X   F     nand3_2x       1  5.2    35    49     745    (-,-) 
  n_58330                       -       -      -     (net)          -    -     -     -       -    (-,-) 
  g925/X                        -       A->X   R     nand3_2x       1  5.2    40    35     780    (-,-) 
  n_58333                       -       -      -     (net)          -    -     -     -       -    (-,-) 
  g924/X                        -       A->X   F     nand3_2x       1  5.1    33    35     815    (-,-) 
  n_58342                       -       -      -     (net)          -    -     -     -       -    (-,-) 
  g637979/X                     -       B->X   R     nand2_2x       1  5.3    33    34     849    (-,-) 
  n_56493                       -       -      -     (net)          -    -     -     -       -    (-,-) 
  g638363/X                     -       A->X   F     nand2_2x       1  9.8    33    35     884    (-,-) 
  n_56905                       -       -      -     (net)          -    -     -     -       -    (-,-) 
  g638362/X                     -       A->X   R     nand2_4x       1 11.6    36    32     916    (-,-) 
  n_56907                       -       -      -     (net)          -    -     -     -       -    (-,-) 
  fopt50/X                      -       A->X   R     buf_16x       11 98.7    40    70     986    (-,-) 
  n_56908                       -       -      -     (net)          -    -     -     -       -    (-,-) 
  fopt91/X                      -       A->X   F     inv_8x         4 19.8    18    22    1008    (-,-) 
  n_22840                       -       -      -     (net)          -    -     -     -       -    (-,-) 
  g673127/X                     -       A->X   F     buf_6x         3 11.4    21    50    1058    (-,-) 
  n_93389                       -       -      -     (net)          -    -     -     -       -    (-,-) 
  g673129/X                     -       A->X   F     oa21_2x        3 16.5    46    96    1154    (-,-) 
  n_93392                       -       -      -     (net)          -    -     -     -       -    (-,-) 
  g673132/X                     -       B->X   R     nor2_4x        2  8.7    38    40    1194    (-,-) 
  n_93394                       -       -      -     (net)          -    -     -     -       -    (-,-) 
  g605696/X                     -       A->X   F     aoi21_1x       1  3.6    29    36    1230    (-,-) 
  n_25711                       -       -      -     (net)          -    -     -     -       -    (-,-) 
  g605504/X                     -       B0->X  R     oai22_1x       1  6.2   101    76    1306    (-,-) 
  n_25830                       -       -      -     (net)          -    -     -     -       -    (-,-) 
  g636794/X                     -       A->X   F     aoi21_2x       1  9.8    57    55    1361    (-,-) 
  n_54682                       -       -      -     (net)          -    -     -     -       -    (-,-) 
  g605369/X                     -       A->X   R     nand2_4x       2 16.6    44    45    1406    (-,-) 
  n_26530                       -       -      -     (net)          -    -     -     -       -    (-,-) 
  g636573/X                     -       A->X   R     buf_6x         6 26.3    29    59    1465    (-,-) 
  n_53705                       -       -      -     (net)          -    -     -     -       -    (-,-) 
  g605088/X                     -       A->X   F     inv_2x         3 13.3    24    29    1494    (-,-) 
  n_27702                       -       -      -     (net)          -    -     -     -       -    (-,-) 
  g639094/X                     -       A->X   F     buf_2x         2 16.8    35    62    1556    (-,-) 
  n_57672                       -       -      -     (net)          -    -     -     -       -    (-,-) 
  g639096/X                     -       A->X   R     oai21_2x       3 10.5    86    58    1614    (-,-) 
  n_57675                       -       -      -     (net)          -    -     -     -       -    (-,-) 
  g639101/X                     -       B1->X  F     oai22_1x       1  5.3    55    72    1686    (-,-) 
  n_57679                       -       -      -     (net)          -    -     -     -       -    (-,-) 
  g638687/X                     -       A->X   R     nand2_2x       1  9.6    49    47    1733    (-,-) 
  n_57242                       -       -      -     (net)          -    -     -     -       -    (-,-) 
  g601904/X                     -       C->X   F     oai21_4x       1 10.3    35    44    1778    (-,-) 
  n_29437                       -       -      -     (net)          -    -     -     -       -    (-,-) 
  g601812/X                     -       C->X   R     aoi21_4x       1 11.0    52    53    1831    (-,-) 
  n_29518                       -       -      -     (net)          -    -     -     -       -    (-,-) 
  g601390/X                     -       A->X   F     oai21_4x       1 16.0    38    41    1872    (-,-) 
  n_29789                       -       -      -     (net)          -    -     -     -       -    (-,-) 
  g601142/X                     -       A->X   R     inv_6x         2 36.8    37    36    1908    (-,-) 
  n_29995                       -       -      -     (net)          -    -     -     -       -    (-,-) 
  g635933/X                     -       A->X   F     inv_6x         4 29.6    22    28    1936    (-,-) 
  n_53096                       -       -      -     (net)          -    -     -     -       -    (-,-) 
  g633551/X                     -       A->X   R     nand2_1x       1  3.7    42    33    1968    (-,-) 
  n_50736                       -       -      -     (net)          -    -     -     -       -    (-,-) 
  g633550/X                     -       C->X   R     oa21_2x        3 10.8    37    83    2052    (-,-) 
  n_50737                       -       -      -     (net)          -    -     -     -       -    (-,-) 
  g633549/X                     -       A->X   F     inv_1x         2  8.2    30    36    2087    (-,-) 
  n_50738                       -       -      -     (net)          -    -     -     -       -    (-,-) 
  g637565/X                     -       B0->X  R     oai22_2x       1  5.8    73    55    2142    (-,-) 
  n_55984                       -       -      -     (net)          -    -     -     -       -    (-,-) 
  g787/X                        -       A1->X  F     oai22_2x       1  5.2    42    49    2190    (-,-) 
  n_55987                       -       -      -     (net)          -    -     -     -       -    (-,-) 
  g786/X                        -       A->X   R     nand3_2x       1  5.2    40    37    2228    (-,-) 
  n_55988                       -       -      -     (net)          -    -     -     -       -    (-,-) 
  g639623/X                     -       B->X   F     nand2_2x       1  5.3    29    34    2261    (-,-) 
  n_58419                       -       -      -     (net)          -    -     -     -       -    (-,-) 
  g639876/X                     -       A->X   R     nand2_2x       1  9.8    46    39    2300    (-,-) 
  n_58715                       -       -      -     (net)          -    -     -     -       -    (-,-) 
  g639875/X                     -       A->X   F     nand2_4x       1 21.1    37    41    2341    (-,-) 
  n_58716                       -       -      -     (net)          -    -     -     -       -    (-,-) 
  g672337/X                     -       A->X   R     inv_8x        11 62.6    43    41    2382    (-,-) 
  n_92635                       -       -      -     (net)          -    -     -     -       -    (-,-) 
  g640036/X                     -       A->X   R     buf_8x        15 48.1    38    70    2452    (-,-) 
  n_58879                       -       -      -     (net)          -    -     -     -       -    (-,-) 
  g640043/X                     -       B0->X  F     oai22_1x       1  2.7    34    44    2496    (-,-) 
  n_58887                       -       -      -     (net)          -    -     -     -       -    (-,-) 
  data_latch_reg[10][0][15]/D   <<<     -      F     dffrq_1x       1    -     -     0    2496    (-,-) 
#-------------------------------------------------------------------------------------------------------

Capture clock path:
#------------------------------------------------------------------------------------------------------
#         Timing Point          Flags   Arc   Edge   Cell     Fanout Load Trans Delay Arrival Instance 
#                                                                    (fF)  (ps)  (ps)   (ps)  Location 
#------------------------------------------------------------------------------------------------------
  xif_clk                       (i)     -     R     (arrival)   1024  0.0     1     0    1250    (-,-) 
  xif_clk                       -       -     -     (net)          -    -     -     -       -    (-,-) 
  xif_clk                       -       -     -     (net)          -    -     -     -       -    (-,-) 
  data_latch_reg[10][0][15]/CLK <<<     -     R     dffrq_1x    1024    -     1     0    1250    (-,-) 
#------------------------------------------------------------------------------------------------------


