============================================================
  Generated by:           Genus(TM) Synthesis Solution 23.14-s090_1
  Generated on:           Oct 27 2025  02:48:05 am
  Module:                 batcher
  Operating conditions:   PVT_1P2V_25C 
  Interconnect mode:      global
  Area mode:              physical library
============================================================

# SETUP                   WNS         TNS     FEP 
# --------------------------------------------------
 View: ALL            -1389.6  -2959703.8    2512 
    Group : in2out        N/A         N/A     N/A 
    Group : in2reg    -1323.2  -1063670.5     998 
    Group : reg2out   -1349.7   -666819.7     512 
    Group : reg2reg   -1389.6  -1229213.6    1002 

# --------------------------------------------------
# DRV                        WNS  TNS  FEP 
# -------------------------------------------
 View: ALL                                 
    Check: max_transition    N/A  N/A    0 
    Check: max_capacitance   N/A  N/A    0 
    Check: max_fanout        N/A  N/A    0 

# -------------------------------------------
