============================================================
  Generated by:           Genus(TM) Synthesis Solution 23.14-s090_1
  Generated on:           Oct 25 2025  10:19:20 pm
  Module:                 benes
  Operating conditions:   PVT_1P2V_25C 
  Interconnect mode:      global
  Area mode:              physical library
============================================================

                                  Leakage     Internal                                  Library 
   Gate    Instances    Area    Power (nW)   Power (nW)              Library             Domain 
------------------------------------------------------------------------------------------------
mux2_1x          512   3761.766   1966.988    426313.267    MITLL90_STDLIB_8T.tt1p2v25c       0 
sdffrq_1x       4096  85983.232  36018.848  23021600.158    MITLL90_STDLIB_8T.tt1p2v25c       0 
------------------------------------------------------------------------------------------------
total           4608  89744.998  37985.836  23447913.425                                


                                            Leakage  Leakage   Internal   Internal 
     Type      Instances    Area   Area % Power (nW) Power %  Power (nW)   Power % 
-----------------------------------------------------------------------------------
sequential          4096 85983.232   95.8  36018.848    94.8 23021600.158     98.2 
logic                512  3761.766    4.2   1966.988     5.2   426313.267      1.8 
physical_cells         0     0.000    0.0      0.000     0.0        0.000      0.0 
-----------------------------------------------------------------------------------
total               4608 89744.998  100.0  37985.836   100.0 23447913.425    100.0 

