============================================================
  Generated by:           Genus(TM) Synthesis Solution 23.14-s090_1
  Generated on:           Oct 25 2025  10:19:06 pm
  Module:                 benes
  Operating conditions:   PVT_1P2V_25C 
  Interconnect mode:      global
  Area mode:              physical library
============================================================

# SETUP                  WNS   TNS  FEP 
# ----------------------------------------
 View: ALL            2650.6   0.0    0 
    Group : in2out    2818.9   0.0    0 
    Group : in2reg    2679.2   0.0    0 
    Group : reg2out   2747.8   0.0    0 
    Group : reg2reg   2650.6   0.0    0 

 View: view_1p2_25    2650.6  -0.0    0 
    Group : in2out    2818.9   0.0    0 
    Group : in2reg    2679.2   0.0    0 
    Group : reg2out   2747.8   0.0    0 
    Group : reg2reg   2650.6   0.0    0 

# ----------------------------------------
# DRV                        WNS  TNS  FEP 
# -------------------------------------------
 View: ALL                                 
    Check: max_transition    N/A  N/A    0 
    Check: max_capacitance   N/A  N/A    0 
    Check: max_fanout        N/A  N/A    0 

 View: view_1p2_25                         
    Check: max_transition    N/A  N/A    0 
    Check: max_capacitance   N/A  N/A    0 
    Check: max_fanout        N/A  N/A    0 

# -------------------------------------------
