============================================================
  Generated by:           Genus(TM) Synthesis Solution 23.14-s090_1
  Generated on:           Oct 26 2025  11:23:35 pm
  Module:                 batcher
  Operating conditions:   PVT_1P2V_25C 
  Interconnect mode:      global
  Area mode:              physical library
============================================================

                                   Leakage     Internal                                   Library 
   Gate    Instances     Area    Power (nW)   Power (nW)               Library             Domain 
--------------------------------------------------------------------------------------------------
and2_1x          269    1129.370    917.512     415649.792    MITLL90_STDLIB_8T.tt1p2v25c       0 
ao21_1x          841    4413.568   3126.825    2779052.043    MITLL90_STDLIB_8T.tt1p2v25c       0 
ao21_2x           10      62.976     52.926      69739.238    MITLL90_STDLIB_8T.tt1p2v25c       0 
ao21_4x          221    1855.693   1877.510    2481084.542    MITLL90_STDLIB_8T.tt1p2v25c       0 
ao22_1x           90     661.248    363.583     299072.787    MITLL90_STDLIB_8T.tt1p2v25c       0 
ao22_2x            3      25.190     17.923      21083.703    MITLL90_STDLIB_8T.tt1p2v25c       0 
ao22_4x            4      41.984     37.118      48090.329    MITLL90_STDLIB_8T.tt1p2v25c       0 
aoi21_1x        1125    4723.200   2411.021    1799537.519    MITLL90_STDLIB_8T.tt1p2v25c       0 
aoi22_1x         983    5158.784   2176.812    1637283.298    MITLL90_STDLIB_8T.tt1p2v25c       0 
dffrq_1x         224    3761.766   1621.812    1999725.018    MITLL90_STDLIB_8T.tt1p2v25c       0 
inv_1x          4397    9230.182   7761.205    2359692.207    MITLL90_STDLIB_8T.tt1p2v25c       0 
inv_2x            17      53.530     62.814      36795.630    MITLL90_STDLIB_8T.tt1p2v25c       0 
mux2_1x          496    3644.211   1937.900    2950550.260    MITLL90_STDLIB_8T.tt1p2v25c       0 
nand2_1x         519    1634.227    672.945     360900.028    MITLL90_STDLIB_8T.tt1p2v25c       0 
nand3_1x         109     457.626    162.610      73319.813    MITLL90_STDLIB_8T.tt1p2v25c       0 
nor2_1x         1094    3444.787   1521.337     728712.517    MITLL90_STDLIB_8T.tt1p2v25c       0 
nor3_1x          663    2783.539    850.817     696888.967    MITLL90_STDLIB_8T.tt1p2v25c       0 
oa21_1x          177     928.896    744.441     719761.385    MITLL90_STDLIB_8T.tt1p2v25c       0 
oa21_4x            1       8.397      9.478      11748.672    MITLL90_STDLIB_8T.tt1p2v25c       0 
oa22_1x          182    1337.190    714.274     544252.968    MITLL90_STDLIB_8T.tt1p2v25c       0 
oai21_1x        1380    5793.792   3012.418    2218790.001    MITLL90_STDLIB_8T.tt1p2v25c       0 
oai21_4x           1      13.645      6.952       8228.662    MITLL90_STDLIB_8T.tt1p2v25c       0 
oai22_1x         815    4277.120   1844.380    1339656.214    MITLL90_STDLIB_8T.tt1p2v25c       0 
or2_1x           409    1717.146    938.747     535087.366    MITLL90_STDLIB_8T.tt1p2v25c       0 
or3_1x             7      44.083     18.280       7946.768    MITLL90_STDLIB_8T.tt1p2v25c       0 
sdffrq_1x       6944  145768.448  61745.482  131654239.026    MITLL90_STDLIB_8T.tt1p2v25c       0 
--------------------------------------------------------------------------------------------------
total          20981  202970.598  94607.123  155796888.753                                


                                             Leakage  Leakage    Internal   Internal 
     Type      Instances    Area    Area % Power (nW) Power %   Power (nW)   Power % 
-------------------------------------------------------------------------------------
sequential          7168 149530.214   73.7  63367.294    67.0 133653964.044     85.8 
inverter            4414   9283.712    4.6   7824.019     8.3   2396487.837      1.5 
logic               9399  44156.672   21.8  23415.810    24.8  19746436.871     12.7 
physical_cells         0      0.000    0.0      0.000     0.0         0.000      0.0 
-------------------------------------------------------------------------------------
total              20981 202970.598  100.0  94607.123   100.0 155796888.753    100.0 

