============================================================
  Generated by:           Genus(TM) Synthesis Solution 23.14-s090_1
  Generated on:           Oct 25 2025  03:39:01 pm
  Module:                 batcher
  Operating conditions:   PVT_1P2V_25C 
  Interconnect mode:      global
  Area mode:              physical library
============================================================

Timing
--------

Analysis view  Clock Period 
----------------------------
view_1p2_25   clock1 3000.0 


  Analysis    Cost   Critical        Violating 
    View     Group  Path Slack  TNS    Paths   
-----------------------------------------------
view_1p2_25  clock1     1580.8  0.0          0 
            default   No paths  0.0          0 
-----------------------------------------------
Total                          -0.0          0 
                                               

Instance Count
--------------
Leaf Instance Count             21151 
Physical Instance count             0 
Sequential Instance Count        7680 
Combinational Instance Count    13471 
Hierarchical Instance Count         0 

Area
----
Cell Area                          209874.867
Physical Cell Area                 0.000
Total Cell Area (Cell+Physical)    209874.867
Net Area                           73302.423
Total Area (Cell+Physical+Net)     283177.290

Power
-----
Leakage Power                      96796.751 nW
Dynamic Power                      98039799.096 nW
Total Power                        98136595.847 nW

Max Fanout                         7680 (xif_clk)
Min Fanout                         0 (xif_n_rst)
Average Fanout                     2.8
Terms to net ratio                 4.1293
Terms to instance ratio            4.2609
Runtime                            50.305991 seconds
Elapsed Runtime                    51 seconds
Genus peak memory usage            1624.00 
Innovus peak memory usage          no_value 
Hostname                           asicfab.ecn.purdue.edu
