============================================================
  Generated by:           Genus(TM) Synthesis Solution 23.14-s090_1
  Generated on:           Oct 25 2025  03:39:11 pm
  Module:                 batcher
  Operating conditions:   PVT_1P2V_25C 
  Interconnect mode:      global
  Area mode:              physical library
============================================================


Path 1: MET (1581 ps) Setup Check with Pin data_q_reg[3][19][0]/CLK->SEN
           View: view_1p2_25
          Group: clock1
     Startpoint: (R) data_q_reg[2][18][2]/CLK
          Clock: (R) clock1
       Endpoint: (R) data_q_reg[3][19][0]/SEN
          Clock: (R) clock1

                     Capture       Launch     
        Clock Edge:+    3000            0     
       Src Latency:+       0            0     
       Net Latency:+       0 (I)        0 (I) 
           Arrival:=    3000            0     
                                              
             Setup:-     276                  
       Uncertainty:-       0                  
     Required Time:=    2724                  
      Launch Clock:-       0                  
         Data Path:-    1143                  
             Slack:=    1581                  

Launch clock path:
#-------------------------------------------------------------------------------------------------
#      Timing Point        Flags   Arc   Edge   Cell     Fanout Load Trans Delay Arrival Instance 
#                                                               (fF)  (ps)  (ps)   (ps)  Location 
#-------------------------------------------------------------------------------------------------
  xif_clk                  (i)     -     R     (arrival)   7680  0.0     1     0       0    (-,-) 
  xif_clk                  -       -     -     (net)          -    -     -     -       -    (-,-) 
  xif_clk                  -       -     -     (net)          -    -     -     -       -    (-,-) 
  data_q_reg[2][18][2]/CLK <<<     -     R     sdffrq_1x   7680    -     1     0       0    (-,-) 
#-------------------------------------------------------------------------------------------------

#--------------------------------------------------------------------------------------------------
#      Timing Point        Flags    Arc   Edge   Cell     Fanout Load Trans Delay Arrival Instance 
#                                                                (fF)  (ps)  (ps)   (ps)  Location 
#--------------------------------------------------------------------------------------------------
  data_q_reg[2][18][2]/CLK -       -      R     (arrival)   7680    -     1     0       0    (-,-) 
  data_q_reg[2][18][2]/Q   -       CLK->Q R     sdffrq_1x      4 11.4    83   197     197    (-,-) 
  data_q[2][18][2]         -       -      -     (net)          -    -     -     -       -    (-,-) 
  g444631/X                -       A->X   F     nor2_1x        2  6.3    54    66     263    (-,-) 
  n_2673                   -       -      -     (net)          -    -     -     -       -    (-,-) 
  g444567/X                -       A->X   F     or2_1x         1  3.6    30    81     344    (-,-) 
  n_2674                   -       -      -     (net)          -    -     -     -       -    (-,-) 
  g444502/X                -       B0->X  R     aoi22_1x       1  3.7    68    61     405    (-,-) 
  n_2724                   -       -      -     (net)          -    -     -     -       -    (-,-) 
  g444475/X                -       C->X   R     oa21_1x        1  3.7    28    74     479    (-,-) 
  n_2805                   -       -      -     (net)          -    -     -     -       -    (-,-) 
  g444460/X                -       C->X   R     oa21_1x        1  3.5    28    62     542    (-,-) 
  n_2841                   -       -      -     (net)          -    -     -     -       -    (-,-) 
  g444319/X                -       C->X   F     aoi21_1x       1  3.6    36    28     570    (-,-) 
  n_2908                   -       -      -     (net)          -    -     -     -       -    (-,-) 
  g444230/X                -       C->X   R     aoi21_1x       1  3.6    63    58     628    (-,-) 
  n_2942                   -       -      -     (net)          -    -     -     -       -    (-,-) 
  g443951/X                -       B0->X  F     oai22_1x       1  3.7    43    55     683    (-,-) 
  n_3090                   -       -      -     (net)          -    -     -     -       -    (-,-) 
  g443706/X                -       A->X   R     aoi21_1x       1  3.4    60    50     733    (-,-) 
  n_3215                   -       -      -     (net)          -    -     -     -       -    (-,-) 
  g443584/X                -       A->X   F     nor3_1x        1  3.0    45    46     779    (-,-) 
  n_3337                   -       -      -     (net)          -    -     -     -       -    (-,-) 
  g443478/X                -       A->X   F     or2_2x        17 83.7   146   204     983    (-,-) 
  n_3532                   -       -      -     (net)          -    -     -     -       -    (-,-) 
  g443411/X                -       A->X   R     inv_2x        15 74.8   186   160    1143    (-,-) 
  n_3567                   -       -      -     (net)          -    -     -     -       -    (-,-) 
  data_q_reg[3][19][0]/SEN <<<     -      R     sdffrq_1x     15    -     -     0    1143    (-,-) 
#--------------------------------------------------------------------------------------------------

Capture clock path:
#-------------------------------------------------------------------------------------------------
#      Timing Point        Flags   Arc   Edge   Cell     Fanout Load Trans Delay Arrival Instance 
#                                                               (fF)  (ps)  (ps)   (ps)  Location 
#-------------------------------------------------------------------------------------------------
  xif_clk                  (i)     -     R     (arrival)   7680  0.0     1     0    3000    (-,-) 
  xif_clk                  -       -     -     (net)          -    -     -     -       -    (-,-) 
  xif_clk                  -       -     -     (net)          -    -     -     -       -    (-,-) 
  data_q_reg[3][19][0]/CLK <<<     -     R     sdffrq_1x   7680    -     1     0    3000    (-,-) 
#-------------------------------------------------------------------------------------------------


